<?xml version="1.0" encoding="UTF-8"?>
<testsuite xmlns:xsi="http://www.w3.org/2001/XMLSchema-instance" xsi:noNamespaceSchemaLocation="https://maven.apache.org/surefire/maven-surefire-plugin/xsd/surefire-test-report-3.0.xsd" version="3.0" name="DummyTest" time="0.725" tests="2" errors="0" skipped="0" failures="0">
  <properties>
    <property name="java.specification.version" value="17"/>
    <property name="sun.jnu.encoding" value="UTF-8"/>
    <property name="java.class.path" value="/home/da/coding/tutorials/spring/my_work/spring6/spring-first/target/test-classes:/home/da/coding/tutorials/spring/my_work/spring6/spring-first/target/classes:/home/da/.m2/repository/org/springframework/spring-context/6.0.2/spring-context-6.0.2.jar:/home/da/.m2/repository/org/springframework/spring-beans/6.0.2/spring-beans-6.0.2.jar:/home/da/.m2/repository/org/springframework/spring-core/6.0.2/spring-core-6.0.2.jar:/home/da/.m2/repository/org/springframework/spring-jcl/6.0.2/spring-jcl-6.0.2.jar:/home/da/.m2/repository/org/springframework/spring-expression/6.0.2/spring-expression-6.0.2.jar:/home/da/.m2/repository/org/junit/jupiter/junit-jupiter-api/5.3.1/junit-jupiter-api-5.3.1.jar:/home/da/.m2/repository/org/apiguardian/apiguardian-api/1.0.0/apiguardian-api-1.0.0.jar:/home/da/.m2/repository/org/opentest4j/opentest4j/1.1.1/opentest4j-1.1.1.jar:/home/da/.m2/repository/org/junit/platform/junit-platform-commons/1.3.1/junit-platform-commons-1.3.1.jar:/home/da/.m2/repository/org/springframework/spring-aop/6.0.2/spring-aop-6.0.2.jar:/home/da/.m2/repository/org/springframework/spring-aspects/6.0.2/spring-aspects-6.0.2.jar:/home/da/.m2/repository/org/aspectj/aspectjweaver/1.9.9.1/aspectjweaver-1.9.9.1.jar:/home/da/.m2/repository/org/springframework/spring-test/6.0.2/spring-test-6.0.2.jar:/home/da/.m2/repository/junit/junit/4.13.2/junit-4.13.2.jar:/home/da/.m2/repository/org/hamcrest/hamcrest-core/1.3/hamcrest-core-1.3.jar:/home/da/.m2/repository/org/apache/logging/log4j/log4j-core/2.19.0/log4j-core-2.19.0.jar:/home/da/.m2/repository/org/apache/logging/log4j/log4j-api/2.19.0/log4j-api-2.19.0.jar:/home/da/.m2/repository/org/apache/logging/log4j/log4j-slf4j2-impl/2.19.0/log4j-slf4j2-impl-2.19.0.jar:/home/da/.m2/repository/org/slf4j/slf4j-api/2.0.0/slf4j-api-2.0.0.jar:/home/da/.m2/repository/jakarta/annotation/jakarta.annotation-api/2.1.1/jakarta.annotation-api-2.1.1.jar:"/>
    <property name="java.vm.vendor" value="Oracle Corporation"/>
    <property name="sun.arch.data.model" value="64"/>
    <property name="java.vendor.url" value="https://java.oracle.com/"/>
    <property name="user.timezone" value="America/New_York"/>
    <property name="os.name" value="Linux"/>
    <property name="java.vm.specification.version" value="17"/>
    <property name="sun.java.launcher" value="SUN_STANDARD"/>
    <property name="user.country" value="US"/>
    <property name="sun.boot.library.path" value="/home/da/.sdkman/candidates/java/17.0.12-oracle/lib"/>
    <property name="sun.java.command" value="/home/da/coding/tutorials/spring/my_work/spring6/spring-first/target/surefire/surefirebooter-20250205142029764_3.jar /home/da/coding/tutorials/spring/my_work/spring6/spring-first/target/surefire 2025-02-05T14-20-29_656-jvmRun1 surefire-20250205142029764_1tmp surefire_0-20250205142029764_2tmp"/>
    <property name="jdk.debug" value="release"/>
    <property name="surefire.test.class.path" value="/home/da/coding/tutorials/spring/my_work/spring6/spring-first/target/test-classes:/home/da/coding/tutorials/spring/my_work/spring6/spring-first/target/classes:/home/da/.m2/repository/org/springframework/spring-context/6.0.2/spring-context-6.0.2.jar:/home/da/.m2/repository/org/springframework/spring-beans/6.0.2/spring-beans-6.0.2.jar:/home/da/.m2/repository/org/springframework/spring-core/6.0.2/spring-core-6.0.2.jar:/home/da/.m2/repository/org/springframework/spring-jcl/6.0.2/spring-jcl-6.0.2.jar:/home/da/.m2/repository/org/springframework/spring-expression/6.0.2/spring-expression-6.0.2.jar:/home/da/.m2/repository/org/junit/jupiter/junit-jupiter-api/5.3.1/junit-jupiter-api-5.3.1.jar:/home/da/.m2/repository/org/apiguardian/apiguardian-api/1.0.0/apiguardian-api-1.0.0.jar:/home/da/.m2/repository/org/opentest4j/opentest4j/1.1.1/opentest4j-1.1.1.jar:/home/da/.m2/repository/org/junit/platform/junit-platform-commons/1.3.1/junit-platform-commons-1.3.1.jar:/home/da/.m2/repository/org/springframework/spring-aop/6.0.2/spring-aop-6.0.2.jar:/home/da/.m2/repository/org/springframework/spring-aspects/6.0.2/spring-aspects-6.0.2.jar:/home/da/.m2/repository/org/aspectj/aspectjweaver/1.9.9.1/aspectjweaver-1.9.9.1.jar:/home/da/.m2/repository/org/springframework/spring-test/6.0.2/spring-test-6.0.2.jar:/home/da/.m2/repository/junit/junit/4.13.2/junit-4.13.2.jar:/home/da/.m2/repository/org/hamcrest/hamcrest-core/1.3/hamcrest-core-1.3.jar:/home/da/.m2/repository/org/apache/logging/log4j/log4j-core/2.19.0/log4j-core-2.19.0.jar:/home/da/.m2/repository/org/apache/logging/log4j/log4j-api/2.19.0/log4j-api-2.19.0.jar:/home/da/.m2/repository/org/apache/logging/log4j/log4j-slf4j2-impl/2.19.0/log4j-slf4j2-impl-2.19.0.jar:/home/da/.m2/repository/org/slf4j/slf4j-api/2.0.0/slf4j-api-2.0.0.jar:/home/da/.m2/repository/jakarta/annotation/jakarta.annotation-api/2.1.1/jakarta.annotation-api-2.1.1.jar:"/>
    <property name="sun.cpu.endian" value="little"/>
    <property name="user.home" value="/home/da"/>
    <property name="user.language" value="en"/>
    <property name="java.specification.vendor" value="Oracle Corporation"/>
    <property name="java.version.date" value="2024-07-16"/>
    <property name="java.home" value="/home/da/.sdkman/candidates/java/17.0.12-oracle"/>
    <property name="file.separator" value="/"/>
    <property name="basedir" value="/home/da/coding/tutorials/spring/my_work/spring6/spring-first"/>
    <property name="java.vm.compressedOopsMode" value="Zero based"/>
    <property name="line.separator" value="&#10;"/>
    <property name="java.vm.specification.vendor" value="Oracle Corporation"/>
    <property name="java.specification.name" value="Java Platform API Specification"/>
    <property name="surefire.real.class.path" value="/home/da/coding/tutorials/spring/my_work/spring6/spring-first/target/surefire/surefirebooter-20250205142029764_3.jar"/>
    <property name="sun.management.compiler" value="HotSpot 64-Bit Tiered Compilers"/>
    <property name="java.runtime.version" value="17.0.12+8-LTS-286"/>
    <property name="user.name" value="da"/>
    <property name="path.separator" value=":"/>
    <property name="os.version" value="6.8.0-52-generic"/>
    <property name="java.runtime.name" value="Java(TM) SE Runtime Environment"/>
    <property name="file.encoding" value="UTF-8"/>
    <property name="java.vm.name" value="Java HotSpot(TM) 64-Bit Server VM"/>
    <property name="localRepository" value="/home/da/.m2/repository"/>
    <property name="java.vendor.url.bug" value="https://bugreport.java.com/bugreport/"/>
    <property name="java.io.tmpdir" value="/tmp"/>
    <property name="java.version" value="17.0.12"/>
    <property name="user.dir" value="/home/da/coding/tutorials/spring/my_work/spring6/spring-first"/>
    <property name="os.arch" value="amd64"/>
    <property name="java.vm.specification.name" value="Java Virtual Machine Specification"/>
    <property name="native.encoding" value="UTF-8"/>
    <property name="java.library.path" value="/usr/java/packages/lib:/usr/lib64:/lib64:/lib:/usr/lib"/>
    <property name="java.vm.info" value="mixed mode, sharing"/>
    <property name="java.vendor" value="Oracle Corporation"/>
    <property name="java.vm.version" value="17.0.12+8-LTS-286"/>
    <property name="sun.io.unicode.encoding" value="UnicodeLittle"/>
    <property name="java.class.version" value="61.0"/>
  </properties>
  <testcase name="testUserObject" classname="DummyTest" time="0.711">
    <system-out><![CDATA[2025-02-05 14:20:30 718 [main] DEBUG org.springframework.context.support.ClassPathXmlApplicationContext - Refreshing org.springframework.context.support.ClassPathXmlApplicationContext@736d6a5c
2025-02-05 14:20:30 838 [main] DEBUG org.springframework.beans.factory.xml.XmlBeanDefinitionReader - Loaded 1 bean definitions from class path resource [bean.xml]
2025-02-05 14:20:30 864 [main] DEBUG org.springframework.beans.factory.support.DefaultListableBeanFactory - Creating shared instance of singleton bean 'user'
No-parameter with default constructor
com.atguigu.spring6.User@56b78e55
------------BREAK LINE-------------
Adding...
]]></system-out>
  </testcase>
  <testcase name="testUserObject1" classname="DummyTest" time="0.001">
    <system-out><![CDATA[This is -testUserObject1- ------------
No-parameter with default constructor
com.atguigu.spring6.User@620aa4ea
]]></system-out>
  </testcase>
</testsuite>